Using Eigen for Matmul
Doing BaseOT ...
using silent ot pack
using silent ot pack
using silent ot pack
using silent ot pack
After one-time setup, communication
Thread i = 0, total data sent till now = 831024
Thread i = 1, total data sent till now = 1726247
Thread i = 2, total data sent till now = 1726247
Thread i = 3, total data sent till now = 1726247
-----------Syncronizing-----------
secret_share_mod: 137438953472 bitlength: 37
backend: Ring-SilentOT-Cheetah
-----------Syncronized - now starting execution-----------
Conv2DWrapper, task number: 1
HomConv #1 called N=1, H=230, W=230, CI=3, FH=7, FW=7, CO=64, S=2, Padding VALID (0 0 0 0)
expect -320 but got -319
expect 53 but got 54
[32mConvolution Output Matches[0m
Maxpool 1 called N=1, H=56, W=56, C=64, ksizeH=3, ksizeW=3
Truncate #1 on 200704 points by 12 bits
HomBN #1 on shape [64, 56, 56]
Relu task 1
Relu #1 on 200704 points, truncate=1 by 12 bits
Mill dotrunc 1 on 16 bits using b = 4
Mill dotrunc 1 on 16 bits using b = 4
Mill dotrunc 1 on 16 bits using b = 4
Mill dotrunc 1 on 16 bits using b = 4
Conv2DWrapper, task number: 1
HomConv #2 called N=1, H=56, W=56, CI=64, FH=1, FW=1, CO=256, S=1, Padding VALID (0 0 0 0)
expect -12159744 but got -12159743
expect -18810814 but got -18810813
[32mConvolution Output Matches[0m
Conv2DWrapper, task number: 1
HomConv #3 called N=1, H=56, W=56, CI=64, FH=1, FW=1, CO=64, S=1, Padding VALID (0 0 0 0)
expect -59588664 but got -59588663
expect -14712367 but got -14712366
[32mConvolution Output Matches[0m
Relu task 1
Relu #3 on 200704 points, truncate=1 by 12 bits
Mill dotrunc 1 on 16 bits using b = 4
Mill dotrunc 1 on 16 bits using b = 4
Mill dotrunc 1 on 16 bits using b = 4
Mill dotrunc 1 on 16 bits using b = 4
Conv2DWrapper, task number: 1
HomConv #4 called N=1, H=56, W=56, CI=64, FH=3, FW=3, CO=64, S=1, Padding SAME (1 1 1 1)
expect -16942030 but got -16942029
expect 23932649 but got 23932650
expect -12489667 but got -12489668
[32mConvolution Output Matches[0m
Relu task 1
Relu #5 on 200704 points, truncate=1 by 12 bits
Mill dotrunc 1 on 16 bits using b = 4
Mill dotrunc 1 on 16 bits using b = 4
Mill dotrunc 1 on 16 bits using b = 4
Mill dotrunc 1 on 16 bits using b = 4
Conv2DWrapper, task number: 1
HomConv #5 called N=1, H=56, W=56, CI=64, FH=1, FW=1, CO=256, S=1, Padding VALID (0 0 0 0)
expect -16129027 but got -16129026
expect 8971555 but got 8971556
expect 2709055 but got 2709054
expect -23084273 but got -23084274
[32mConvolution Output Matches[0m
Truncate #2 on 802816 points by 12 bits
HomBN #2 on shape [256, 56, 56]
Relu task 1
Relu #7 on 802816 points, truncate=1 by 12 bits
Mill dotrunc 1 on 16 bits using b = 4
Mill dotrunc 1 on 16 bits using b = 4
Mill dotrunc 1 on 16 bits using b = 4
Mill dotrunc 1 on 16 bits using b = 4
Conv2DWrapper, task number: 1
HomConv #6 called N=1, H=56, W=56, CI=256, FH=1, FW=1, CO=64, S=1, Padding VALID (0 0 0 0)
expect 4328480 but got 4328481
expect 59043259 but got 59043260
[32mConvolution Output Matches[0m
Relu task 1
Relu #9 on 200704 points, truncate=1 by 12 bits
Mill dotrunc 1 on 16 bits using b = 4
Mill dotrunc 1 on 16 bits using b = 4
Mill dotrunc 1 on 16 bits using b = 4
Mill dotrunc 1 on 16 bits using b = 4
Conv2DWrapper, task number: 1
HomConv #7 called N=1, H=56, W=56, CI=64, FH=3, FW=3, CO=64, S=1, Padding SAME (1 1 1 1)
expect 19341868 but got 19341869
expect 12913171 but got 12913172
[32mConvolution Output Matches[0m
Relu task 1
Relu #11 on 200704 points, truncate=1 by 12 bits
Mill dotrunc 1 on 16 bits using b = 4
Mill dotrunc 1 on 16 bits using b = 4
Mill dotrunc 1 on 16 bits using b = 4
Mill dotrunc 1 on 16 bits using b = 4
Conv2DWrapper, task number: 1
HomConv #8 called N=1, H=56, W=56, CI=64, FH=1, FW=1, CO=256, S=1, Padding VALID (0 0 0 0)
expect 7780857 but got 7780858
expect 11979606 but got 11979607
expect 5564075 but got 5564074
[32mConvolution Output Matches[0m
Truncate #3 on 802816 points by 12 bits
HomBN #3 on shape [256, 56, 56]
Relu task 1
Relu #13 on 802816 points, truncate=1 by 12 bits
Mill dotrunc 1 on 16 bits using b = 4
Mill dotrunc 1 on 16 bits using b = 4
Mill dotrunc 1 on 16 bits using b = 4
Mill dotrunc 1 on 16 bits using b = 4
Conv2DWrapper, task number: 1
HomConv #9 called N=1, H=56, W=56, CI=256, FH=1, FW=1, CO=64, S=1, Padding VALID (0 0 0 0)
expect 35910800 but got 35910801
expect -15501697 but got -15501696
expect -12736040 but got -12736041
[32mConvolution Output Matches[0m
Relu task 1
Relu #15 on 200704 points, truncate=1 by 12 bits
Mill dotrunc 1 on 16 bits using b = 4
Mill dotrunc 1 on 16 bits using b = 4
Mill dotrunc 1 on 16 bits using b = 4
Mill dotrunc 1 on 16 bits using b = 4
Conv2DWrapper, task number: 1
HomConv #10 called N=1, H=56, W=56, CI=64, FH=3, FW=3, CO=64, S=1, Padding SAME (1 1 1 1)
expect -14846796 but got -14846795
expect 47576420 but got 47576421
[32mConvolution Output Matches[0m
Relu task 1
Relu #17 on 200704 points, truncate=1 by 12 bits
Mill dotrunc 1 on 16 bits using b = 4
Mill dotrunc 1 on 16 bits using b = 4
Mill dotrunc 1 on 16 bits using b = 4
Mill dotrunc 1 on 16 bits using b = 4
Conv2DWrapper, task number: 1
HomConv #11 called N=1, H=56, W=56, CI=64, FH=1, FW=1, CO=256, S=1, Padding VALID (0 0 0 0)
expect 12753475 but got 12753476
expect 317785 but got 317786
[32mConvolution Output Matches[0m
Truncate #4 on 802816 points by 12 bits
HomBN #4 on shape [256, 56, 56]
Relu task 1
Relu #19 on 802816 points, truncate=1 by 12 bits
Mill dotrunc 1 on 16 bits using b = 4
Mill dotrunc 1 on 16 bits using b = 4
Mill dotrunc 1 on 16 bits using b = 4
Mill dotrunc 1 on 16 bits using b = 4
Conv2DWrapper, task number: 1
HomConv #12 called N=1, H=56, W=56, CI=256, FH=1, FW=1, CO=512, S=2, Padding VALID (0 0 0 0)
expect -1868513 but got -1868512
expect -19289920 but got -19289919
expect -9291141 but got -9291142
[32mConvolution Output Matches[0m
Conv2DWrapper, task number: 1
HomConv #13 called N=1, H=56, W=56, CI=256, FH=1, FW=1, CO=128, S=1, Padding VALID (0 0 0 0)
expect -51086342 but got -51086341
expect 12765202 but got 12765203
expect -4153866 but got -4153867
[32mConvolution Output Matches[0m
Relu task 1
Relu #21 on 401408 points, truncate=1 by 12 bits
Mill dotrunc 1 on 16 bits using b = 4
Mill dotrunc 1 on 16 bits using b = 4
Mill dotrunc 1 on 16 bits using b = 4
Mill dotrunc 1 on 16 bits using b = 4
Conv2DWrapper, task number: 1
HomConv #14 called N=1, H=58, W=58, CI=128, FH=3, FW=3, CO=128, S=2, Padding VALID (0 0 0 0)
expect -2050383 but got -2050382
expect -5516228 but got -5516227
[32mConvolution Output Matches[0m
Relu task 1
Relu #23 on 100352 points, truncate=1 by 12 bits
Mill dotrunc 1 on 16 bits using b = 4
Mill dotrunc 1 on 16 bits using b = 4
Mill dotrunc 1 on 16 bits using b = 4
Mill dotrunc 1 on 16 bits using b = 4
Conv2DWrapper, task number: 1
HomConv #15 called N=1, H=28, W=28, CI=128, FH=1, FW=1, CO=512, S=1, Padding VALID (0 0 0 0)
expect -5583700 but got -5583699
expect -25845618 but got -25845617
[32mConvolution Output Matches[0m
Truncate #5 on 401408 points by 12 bits
HomBN #1 via element-wise mult on 401408 points
[32mElemWiseSecretVectorMult Output Matches[0m
Relu task 1
Relu #25 on 401408 points, truncate=1 by 12 bits
Mill dotrunc 1 on 16 bits using b = 4
Mill dotrunc 1 on 16 bits using b = 4
Mill dotrunc 1 on 16 bits using b = 4
Mill dotrunc 1 on 16 bits using b = 4
Conv2DWrapper, task number: 1
HomConv #16 called N=1, H=28, W=28, CI=512, FH=1, FW=1, CO=128, S=1, Padding VALID (0 0 0 0)
expect 1662543 but got 1662544
expect -7821018 but got -7821017
[32mConvolution Output Matches[0m
Relu task 1
Relu #27 on 100352 points, truncate=1 by 12 bits
Mill dotrunc 1 on 16 bits using b = 4
Mill dotrunc 1 on 16 bits using b = 4
Mill dotrunc 1 on 16 bits using b = 4
Mill dotrunc 1 on 16 bits using b = 4
Conv2DWrapper, task number: 1
HomConv #17 called N=1, H=28, W=28, CI=128, FH=3, FW=3, CO=128, S=1, Padding SAME (1 1 1 1)
expect 20424785 but got 20424786
expect -2280879 but got -2280878
[32mConvolution Output Matches[0m
Truncate #6 on 100352 points by 12 bits
HomBN #2 via element-wise mult on 100352 points
[32mElemWiseSecretVectorMult Output Matches[0m
Relu task 1
Relu #29 on 100352 points, truncate=1 by 12 bits
Mill dotrunc 1 on 16 bits using b = 4
Mill dotrunc 1 on 16 bits using b = 4
Mill dotrunc 1 on 16 bits using b = 4
Mill dotrunc 1 on 16 bits using b = 4
Conv2DWrapper, task number: 1
HomConv #18 called N=1, H=28, W=28, CI=128, FH=1, FW=1, CO=512, S=1, Padding VALID (0 0 0 0)
expect 1017793 but got 1017794
expect -4337681 but got -4337680
[32mConvolution Output Matches[0m
Truncate #7 on 401408 points by 12 bits
HomBN #3 via element-wise mult on 401408 points
[32mElemWiseSecretVectorMult Output Matches[0m
Relu task 1
Relu #31 on 401408 points, truncate=1 by 12 bits
Mill dotrunc 1 on 16 bits using b = 4
Mill dotrunc 1 on 16 bits using b = 4
Mill dotrunc 1 on 16 bits using b = 4
Mill dotrunc 1 on 16 bits using b = 4
Conv2DWrapper, task number: 1
HomConv #19 called N=1, H=28, W=28, CI=512, FH=1, FW=1, CO=128, S=1, Padding VALID (0 0 0 0)
expect -22119761 but got -22119760
expect 20368390 but got 20368391
[32mConvolution Output Matches[0m
Relu task 1
Relu #33 on 100352 points, truncate=1 by 12 bits
Mill dotrunc 1 on 16 bits using b = 4
Mill dotrunc 1 on 16 bits using b = 4
Mill dotrunc 1 on 16 bits using b = 4
Mill dotrunc 1 on 16 bits using b = 4
Conv2DWrapper, task number: 1
HomConv #20 called N=1, H=28, W=28, CI=128, FH=3, FW=3, CO=128, S=1, Padding SAME (1 1 1 1)
expect -24317437 but got -24317436
expect -8322827 but got -8322826
[32mConvolution Output Matches[0m
Relu task 1
Relu #35 on 100352 points, truncate=1 by 12 bits
Mill dotrunc 1 on 16 bits using b = 4
Mill dotrunc 1 on 16 bits using b = 4
Mill dotrunc 1 on 16 bits using b = 4
Mill dotrunc 1 on 16 bits using b = 4
Conv2DWrapper, task number: 1
HomConv #21 called N=1, H=28, W=28, CI=128, FH=1, FW=1, CO=512, S=1, Padding VALID (0 0 0 0)
expect -2722196 but got -2722195
expect 1030963 but got 1030964
expect 649305 but got 649304
[32mConvolution Output Matches[0m
Truncate #8 on 401408 points by 12 bits
HomBN #4 via element-wise mult on 401408 points
[32mElemWiseSecretVectorMult Output Matches[0m
Relu task 1
Relu #37 on 401408 points, truncate=1 by 12 bits
Mill dotrunc 1 on 16 bits using b = 4
Mill dotrunc 1 on 16 bits using b = 4
Mill dotrunc 1 on 16 bits using b = 4
Mill dotrunc 1 on 16 bits using b = 4
Conv2DWrapper, task number: 1
HomConv #22 called N=1, H=28, W=28, CI=512, FH=1, FW=1, CO=128, S=1, Padding VALID (0 0 0 0)
expect -21570330 but got -21570329
expect -47036935 but got -47036934
[32mConvolution Output Matches[0m
Relu task 1
Relu #39 on 100352 points, truncate=1 by 12 bits
Mill dotrunc 1 on 16 bits using b = 4
Mill dotrunc 1 on 16 bits using b = 4
Mill dotrunc 1 on 16 bits using b = 4
Mill dotrunc 1 on 16 bits using b = 4
Conv2DWrapper, task number: 1
HomConv #23 called N=1, H=28, W=28, CI=128, FH=3, FW=3, CO=128, S=1, Padding SAME (1 1 1 1)
expect 13958327 but got 13958328
expect -10846750 but got -10846749
[32mConvolution Output Matches[0m
Relu task 1
Relu #41 on 100352 points, truncate=1 by 12 bits
Mill dotrunc 1 on 16 bits using b = 4
Mill dotrunc 1 on 16 bits using b = 4
Mill dotrunc 1 on 16 bits using b = 4
Mill dotrunc 1 on 16 bits using b = 4
Conv2DWrapper, task number: 1
HomConv #24 called N=1, H=28, W=28, CI=128, FH=1, FW=1, CO=512, S=1, Padding VALID (0 0 0 0)
expect -2393830 but got -2393829
expect 5894800 but got 5894801
[32mConvolution Output Matches[0m
Truncate #9 on 401408 points by 12 bits
HomBN #5 via element-wise mult on 401408 points
[32mElemWiseSecretVectorMult Output Matches[0m
Relu task 1
Relu #43 on 401408 points, truncate=1 by 12 bits
Mill dotrunc 1 on 16 bits using b = 4
Mill dotrunc 1 on 16 bits using b = 4
Mill dotrunc 1 on 16 bits using b = 4
Mill dotrunc 1 on 16 bits using b = 4
Conv2DWrapper, task number: 1
HomConv #25 called N=1, H=28, W=28, CI=512, FH=1, FW=1, CO=1024, S=2, Padding VALID (0 0 0 0)
expect -3399771 but got -3399770
expect -8818740 but got -8818739
expect -4945929 but got -4945930
expect -1070381 but got -1070382
[32mConvolution Output Matches[0m
Conv2DWrapper, task number: 1
HomConv #26 called N=1, H=28, W=28, CI=512, FH=1, FW=1, CO=256, S=1, Padding VALID (0 0 0 0)
expect 75555370 but got 75555371
expect 3894271 but got 3894272
[32mConvolution Output Matches[0m
Relu task 1
Relu #45 on 200704 points, truncate=1 by 12 bits
Mill dotrunc 1 on 16 bits using b = 4
Mill dotrunc 1 on 16 bits using b = 4
Mill dotrunc 1 on 16 bits using b = 4
Mill dotrunc 1 on 16 bits using b = 4
Conv2DWrapper, task number: 1
HomConv #27 called N=1, H=30, W=30, CI=256, FH=3, FW=3, CO=256, S=2, Padding VALID (0 0 0 0)
expect -4337153 but got -4337152
expect -7796357 but got -7796356
[32mConvolution Output Matches[0m
Relu task 1
Relu #47 on 50176 points, truncate=1 by 12 bits
Mill dotrunc 1 on 16 bits using b = 4
Mill dotrunc 1 on 16 bits using b = 4
Mill dotrunc 1 on 16 bits using b = 4
Mill dotrunc 1 on 16 bits using b = 4
Conv2DWrapper, task number: 1
HomConv #28 called N=1, H=14, W=14, CI=256, FH=1, FW=1, CO=1024, S=1, Padding VALID (0 0 0 0)
expect 3623825 but got 3623826
expect -2009048 but got -2009047
expect 1834789 but got 1834788
[32mConvolution Output Matches[0m
Truncate #10 on 200704 points by 12 bits
HomBN #6 via element-wise mult on 200704 points
[32mElemWiseSecretVectorMult Output Matches[0m
Relu task 1
Relu #49 on 200704 points, truncate=1 by 12 bits
Mill dotrunc 1 on 16 bits using b = 4
Mill dotrunc 1 on 16 bits using b = 4
Mill dotrunc 1 on 16 bits using b = 4
Mill dotrunc 1 on 16 bits using b = 4
Conv2DWrapper, task number: 1
HomConv #29 called N=1, H=14, W=14, CI=1024, FH=1, FW=1, CO=256, S=1, Padding VALID (0 0 0 0)
expect -54076621 but got -54076620
expect 21827802 but got 21827803
[32mConvolution Output Matches[0m
Relu task 1
Relu #51 on 50176 points, truncate=1 by 12 bits
Mill dotrunc 1 on 16 bits using b = 4
Mill dotrunc 1 on 16 bits using b = 4
Mill dotrunc 1 on 16 bits using b = 4
Mill dotrunc 1 on 16 bits using b = 4
Conv2DWrapper, task number: 1
HomConv #30 called N=1, H=14, W=14, CI=256, FH=3, FW=3, CO=256, S=1, Padding SAME (1 1 1 1)
expect -32224385 but got -32224384
expect 9584442 but got 9584443
[32mConvolution Output Matches[0m
Relu task 1
Relu #53 on 50176 points, truncate=1 by 12 bits
Mill dotrunc 1 on 16 bits using b = 4
Mill dotrunc 1 on 16 bits using b = 4
Mill dotrunc 1 on 16 bits using b = 4
Mill dotrunc 1 on 16 bits using b = 4
Conv2DWrapper, task number: 1
HomConv #31 called N=1, H=14, W=14, CI=256, FH=1, FW=1, CO=1024, S=1, Padding VALID (0 0 0 0)
expect 1995684 but got 1995685
expect -5533371 but got -5533370
expect -624149 but got -624150
[32mConvolution Output Matches[0m
Truncate #11 on 200704 points by 12 bits
HomBN #7 via element-wise mult on 200704 points
[32mElemWiseSecretVectorMult Output Matches[0m
Relu task 1
Relu #55 on 200704 points, truncate=1 by 12 bits
Mill dotrunc 1 on 16 bits using b = 4
Mill dotrunc 1 on 16 bits using b = 4
Mill dotrunc 1 on 16 bits using b = 4
Mill dotrunc 1 on 16 bits using b = 4
Conv2DWrapper, task number: 1
HomConv #32 called N=1, H=14, W=14, CI=1024, FH=1, FW=1, CO=256, S=1, Padding VALID (0 0 0 0)
expect -9184865 but got -9184864
expect 10836754 but got 10836755
[32mConvolution Output Matches[0m
Relu task 1
Relu #57 on 50176 points, truncate=1 by 12 bits
Mill dotrunc 1 on 16 bits using b = 4
Mill dotrunc 1 on 16 bits using b = 4
Mill dotrunc 1 on 16 bits using b = 4
Mill dotrunc 1 on 16 bits using b = 4
Conv2DWrapper, task number: 1
HomConv #33 called N=1, H=14, W=14, CI=256, FH=3, FW=3, CO=256, S=1, Padding SAME (1 1 1 1)
expect -17391876 but got -17391875
expect -2318715 but got -2318714
[32mConvolution Output Matches[0m
Relu task 1
Relu #59 on 50176 points, truncate=1 by 12 bits
Mill dotrunc 1 on 16 bits using b = 4
Mill dotrunc 1 on 16 bits using b = 4
Mill dotrunc 1 on 16 bits using b = 4
Mill dotrunc 1 on 16 bits using b = 4
Conv2DWrapper, task number: 1
HomConv #34 called N=1, H=14, W=14, CI=256, FH=1, FW=1, CO=1024, S=1, Padding VALID (0 0 0 0)
expect 92266 but got 92267
expect -138466 but got -138465
[32mConvolution Output Matches[0m
Truncate #12 on 200704 points by 12 bits
HomBN #8 via element-wise mult on 200704 points
[32mElemWiseSecretVectorMult Output Matches[0m
Relu task 1
Relu #61 on 200704 points, truncate=1 by 12 bits
Mill dotrunc 1 on 16 bits using b = 4
Mill dotrunc 1 on 16 bits using b = 4
Mill dotrunc 1 on 16 bits using b = 4
Mill dotrunc 1 on 16 bits using b = 4
Conv2DWrapper, task number: 1
HomConv #35 called N=1, H=14, W=14, CI=1024, FH=1, FW=1, CO=256, S=1, Padding VALID (0 0 0 0)
expect -33392185 but got -33392184
expect -7934667 but got -7934666
[32mConvolution Output Matches[0m
Relu task 1
Relu #63 on 50176 points, truncate=1 by 12 bits
Mill dotrunc 1 on 16 bits using b = 4
Mill dotrunc 1 on 16 bits using b = 4
Mill dotrunc 1 on 16 bits using b = 4
Mill dotrunc 1 on 16 bits using b = 4
Conv2DWrapper, task number: 1
HomConv #36 called N=1, H=14, W=14, CI=256, FH=3, FW=3, CO=256, S=1, Padding SAME (1 1 1 1)
expect -10351665 but got -10351664
expect -43352879 but got -43352878
[32mConvolution Output Matches[0m
Relu task 1
Relu #65 on 50176 points, truncate=1 by 12 bits
Mill dotrunc 1 on 16 bits using b = 4
Mill dotrunc 1 on 16 bits using b = 4
Mill dotrunc 1 on 16 bits using b = 4
Mill dotrunc 1 on 16 bits using b = 4
Conv2DWrapper, task number: 1
HomConv #37 called N=1, H=14, W=14, CI=256, FH=1, FW=1, CO=1024, S=1, Padding VALID (0 0 0 0)
expect -3786779 but got -3786778
expect -863513 but got -863512
[32mConvolution Output Matches[0m
Truncate #13 on 200704 points by 12 bits
HomBN #9 via element-wise mult on 200704 points
[32mElemWiseSecretVectorMult Output Matches[0m
Relu task 1
Relu #67 on 200704 points, truncate=1 by 12 bits
Mill dotrunc 1 on 16 bits using b = 4
Mill dotrunc 1 on 16 bits using b = 4
Mill dotrunc 1 on 16 bits using b = 4
Mill dotrunc 1 on 16 bits using b = 4
Conv2DWrapper, task number: 1
HomConv #38 called N=1, H=14, W=14, CI=1024, FH=1, FW=1, CO=256, S=1, Padding VALID (0 0 0 0)
expect -15690310 but got -15690309
expect -3581957 but got -3581956
[32mConvolution Output Matches[0m
Relu task 1
Relu #69 on 50176 points, truncate=1 by 12 bits
Mill dotrunc 1 on 16 bits using b = 4
Mill dotrunc 1 on 16 bits using b = 4
Mill dotrunc 1 on 16 bits using b = 4
Mill dotrunc 1 on 16 bits using b = 4
Conv2DWrapper, task number: 1
HomConv #39 called N=1, H=14, W=14, CI=256, FH=3, FW=3, CO=256, S=1, Padding SAME (1 1 1 1)
expect -12948062 but got -12948061
expect -17167308 but got -17167307
[32mConvolution Output Matches[0m
Relu task 1
Relu #71 on 50176 points, truncate=1 by 12 bits
Mill dotrunc 1 on 16 bits using b = 4
Mill dotrunc 1 on 16 bits using b = 4
Mill dotrunc 1 on 16 bits using b = 4
Mill dotrunc 1 on 16 bits using b = 4
Conv2DWrapper, task number: 1
HomConv #40 called N=1, H=14, W=14, CI=256, FH=1, FW=1, CO=1024, S=1, Padding VALID (0 0 0 0)
expect 437173 but got 437174
expect -1125284 but got -1125283
[32mConvolution Output Matches[0m
Truncate #14 on 200704 points by 12 bits
HomBN #10 via element-wise mult on 200704 points
[32mElemWiseSecretVectorMult Output Matches[0m
Relu task 1
Relu #73 on 200704 points, truncate=1 by 12 bits
Mill dotrunc 1 on 16 bits using b = 4
Mill dotrunc 1 on 16 bits using b = 4
Mill dotrunc 1 on 16 bits using b = 4
Mill dotrunc 1 on 16 bits using b = 4
Conv2DWrapper, task number: 1
HomConv #41 called N=1, H=14, W=14, CI=1024, FH=1, FW=1, CO=256, S=1, Padding VALID (0 0 0 0)
expect -17036025 but got -17036024
expect 6263515 but got 6263516
[32mConvolution Output Matches[0m
Relu task 1
Relu #75 on 50176 points, truncate=1 by 12 bits
Mill dotrunc 1 on 16 bits using b = 4
Mill dotrunc 1 on 16 bits using b = 4
Mill dotrunc 1 on 16 bits using b = 4
Mill dotrunc 1 on 16 bits using b = 4
Conv2DWrapper, task number: 1
HomConv #42 called N=1, H=14, W=14, CI=256, FH=3, FW=3, CO=256, S=1, Padding SAME (1 1 1 1)
expect 383698 but got 383699
expect -4413258 but got -4413257
[32mConvolution Output Matches[0m
Relu task 1
Relu #77 on 50176 points, truncate=1 by 12 bits
Mill dotrunc 1 on 16 bits using b = 4
Mill dotrunc 1 on 16 bits using b = 4
Mill dotrunc 1 on 16 bits using b = 4
Mill dotrunc 1 on 16 bits using b = 4
Conv2DWrapper, task number: 1
HomConv #43 called N=1, H=14, W=14, CI=256, FH=1, FW=1, CO=1024, S=1, Padding VALID (0 0 0 0)
expect -6145633 but got -6145632
expect -3774851 but got -3774850
[32mConvolution Output Matches[0m
Truncate #15 on 200704 points by 12 bits
HomBN #11 via element-wise mult on 200704 points
[32mElemWiseSecretVectorMult Output Matches[0m
Relu task 1
Relu #79 on 200704 points, truncate=1 by 12 bits
Mill dotrunc 1 on 16 bits using b = 4
Mill dotrunc 1 on 16 bits using b = 4
Mill dotrunc 1 on 16 bits using b = 4
Mill dotrunc 1 on 16 bits using b = 4
Conv2DWrapper, task number: 1
HomConv #44 called N=1, H=14, W=14, CI=1024, FH=1, FW=1, CO=2048, S=2, Padding VALID (0 0 0 0)
expect 1237553 but got 1237554
expect -2301393 but got -2301392
[32mConvolution Output Matches[0m
Conv2DWrapper, task number: 1
HomConv #45 called N=1, H=14, W=14, CI=1024, FH=1, FW=1, CO=512, S=1, Padding VALID (0 0 0 0)
expect -10881832 but got -10881831
expect -19385784 but got -19385783
[32mConvolution Output Matches[0m
Relu task 1
Relu #81 on 100352 points, truncate=1 by 12 bits
Mill dotrunc 1 on 16 bits using b = 4
Mill dotrunc 1 on 16 bits using b = 4
Mill dotrunc 1 on 16 bits using b = 4
Mill dotrunc 1 on 16 bits using b = 4
Conv2DWrapper, task number: 1
HomConv #46 called N=1, H=16, W=16, CI=512, FH=3, FW=3, CO=512, S=2, Padding VALID (0 0 0 0)
expect -19887453 but got -19887452
expect -8219346 but got -8219345
[32mConvolution Output Matches[0m
Relu task 1
Relu #83 on 25088 points, truncate=1 by 12 bits
Mill dotrunc 1 on 16 bits using b = 4
Mill dotrunc 1 on 16 bits using b = 4
Mill dotrunc 1 on 16 bits using b = 4
Mill dotrunc 1 on 16 bits using b = 4
Conv2DWrapper, task number: 1
HomConv #47 called N=1, H=7, W=7, CI=512, FH=1, FW=1, CO=2048, S=1, Padding VALID (0 0 0 0)
expect -655428 but got -655427
expect -402907 but got -402906
[32mConvolution Output Matches[0m
Truncate #16 on 100352 points by 12 bits
HomBN #12 via element-wise mult on 100352 points
[32mElemWiseSecretVectorMult Output Matches[0m
Relu task 1
Relu #85 on 100352 points, truncate=1 by 12 bits
Mill dotrunc 1 on 16 bits using b = 4
Mill dotrunc 1 on 16 bits using b = 4
Mill dotrunc 1 on 16 bits using b = 4
Mill dotrunc 1 on 16 bits using b = 4
Conv2DWrapper, task number: 1
HomConv #48 called N=1, H=7, W=7, CI=2048, FH=1, FW=1, CO=512, S=1, Padding VALID (0 0 0 0)
expect -17281796 but got -17281795
expect -31922821 but got -31922820
[32mConvolution Output Matches[0m
Relu task 1
Relu #87 on 25088 points, truncate=1 by 12 bits
Mill dotrunc 1 on 16 bits using b = 4
Mill dotrunc 1 on 16 bits using b = 4
Mill dotrunc 1 on 16 bits using b = 4
Mill dotrunc 1 on 16 bits using b = 4
Conv2DWrapper, task number: 1
HomConv #49 called N=1, H=7, W=7, CI=512, FH=3, FW=3, CO=512, S=1, Padding SAME (1 1 1 1)
expect -9643857 but got -9643856
expect 23592059 but got 23592060
[32mConvolution Output Matches[0m
Relu task 1
Relu #89 on 25088 points, truncate=1 by 12 bits
Mill dotrunc 1 on 16 bits using b = 4
Mill dotrunc 1 on 16 bits using b = 4
Mill dotrunc 1 on 16 bits using b = 4
Mill dotrunc 1 on 16 bits using b = 4
Conv2DWrapper, task number: 1
HomConv #50 called N=1, H=7, W=7, CI=512, FH=1, FW=1, CO=2048, S=1, Padding VALID (0 0 0 0)
expect -61480 but got -61479
expect 204249 but got 204250
[32mConvolution Output Matches[0m
Truncate #17 on 100352 points by 12 bits
HomBN #13 via element-wise mult on 100352 points
[32mElemWiseSecretVectorMult Output Matches[0m
Relu task 1
Relu #91 on 100352 points, truncate=1 by 12 bits
Mill dotrunc 1 on 16 bits using b = 4
Mill dotrunc 1 on 16 bits using b = 4
Mill dotrunc 1 on 16 bits using b = 4
Mill dotrunc 1 on 16 bits using b = 4
Conv2DWrapper, task number: 1
HomConv #51 called N=1, H=7, W=7, CI=2048, FH=1, FW=1, CO=512, S=1, Padding VALID (0 0 0 0)
expect -45180401 but got -45180400
expect -23210686 but got -23210685
[32mConvolution Output Matches[0m
Relu task 1
Relu #93 on 25088 points, truncate=1 by 12 bits
Mill dotrunc 1 on 16 bits using b = 4
Mill dotrunc 1 on 16 bits using b = 4
Mill dotrunc 1 on 16 bits using b = 4
Mill dotrunc 1 on 16 bits using b = 4
Conv2DWrapper, task number: 1
HomConv #52 called N=1, H=7, W=7, CI=512, FH=3, FW=3, CO=512, S=1, Padding SAME (1 1 1 1)
expect -22589751 but got -22589750
expect -29152463 but got -29152462
[32mConvolution Output Matches[0m
Relu task 1
Relu #95 on 25088 points, truncate=1 by 12 bits
Mill dotrunc 1 on 16 bits using b = 4
Mill dotrunc 1 on 16 bits using b = 4
Mill dotrunc 1 on 16 bits using b = 4
Mill dotrunc 1 on 16 bits using b = 4
Conv2DWrapper, task number: 1
HomConv #53 called N=1, H=7, W=7, CI=512, FH=1, FW=1, CO=2048, S=1, Padding VALID (0 0 0 0)
expect -6619968 but got -6619967
expect -7331378 but got -7331377
expect -3683099 but got -3683100
[32mConvolution Output Matches[0m
Truncate #18 on 100352 points by 12 bits
HomBN #14 via element-wise mult on 100352 points
[32mElemWiseSecretVectorMult Output Matches[0m
Relu task 1
Relu #97 on 100352 points, truncate=1 by 12 bits
Mill dotrunc 1 on 16 bits using b = 4
Mill dotrunc 1 on 16 bits using b = 4
Mill dotrunc 1 on 16 bits using b = 4
Mill dotrunc 1 on 16 bits using b = 4
AvgPool 1 called N=1, H=1, W=1, C=2048, ksizeH=7, ksizeW=7
-3985434 => -3985435
-11979040 => -11979041
-47405214 => -47405215
-24387424 => -24387425
-16898404 => -16898405
-3338014 => -3338015
-40281710 => -40281711
5583061 => 5583060
-1289548 => -1289549
-19821266 => -19821267
40537625 => 40537624
-11118545 => -11118546
-7012005 => -7012006
-32375588 => -32375589
11552889 => 11552888
-11847869 => -11847870
19625567 => 19625566
-27532189 => -27532190
-25335513 => -25335514
21816400 => 21816399
3120607 => 3120606
-11078449 => -11078450
-15300049 => -15300050
-7270048 => -7270049
-22454462 => -22454463
15317275 => 15317274
-1652324 => -1652325
-9243964 => -9243965
-16708543 => -16708544
-10316172 => -10316173
-20567460 => -20567461
-864189 => -864190
-11893565 => -11893566
-13228360 => -13228361
7463456 => 7463455
-9747594 => -9747595
-10838751 => -10838752
10347458 => 10347457
-25768715 => -25768716
-3140009 => -3140010
5022255 => 5022254
-21072722 => -21072723
-11237123 => -11237124
-19310880 => -19310881
12379682 => 12379681
-18927069 => -18927070
-7947075 => -7947076
16673488 => 16673487
46231603 => 46231602
46275561 => 46275560
20439906 => 20439905
-40272517 => -40272518
-18414790 => -18414791
19835365 => 19835364
-4612664 => -4612665
75271144 => 75271143
-6218080 => -6218081
32942952 => 32942951
106657 => 106656
-15214557 => -15214558
-33998457 => -33998458
30072030 => 30072029
64300586 => 64300585
50059781 => 50059780
19939718 => 19939717
-2213371 => -2213372
-10575164 => -10575165
13467180 => 13467179
34895679 => 34895678
-31820864 => -31820865
-20349163 => -20349164
42644130 => 42644129
-9383545 => -9383546
-17737753 => -17737754
54549309 => 54549308
33224730 => 33224729
26687845 => 26687844
34407003 => 34407002
-5001521 => -5001522
35960968 => 35960967
23732320 => 23732319
26734259 => 26734258
5087592 => 5087591
39647557 => 39647556
-26110693 => -26110694
-3219583 => -3219584
46433025 => 46433024
-4218263 => -4218264
-18975834 => -18975835
11138460 => 11138459
9400842 => 9400841
-25468137 => -25468138
28780274 => 28780273
34228923 => 34228922
-35100017 => -35100018
48963240 => 48963239
23148522 => 23148521
-10093649 => -10093650
6431073 => 6431072
33884652 => 33884651
-23447196 => -23447197
4290370 => 4290369
42981992 => 42981991
9602046 => 9602045
-12426579 => -12426580
39376849 => 39376848
43882796 => 43882795
26883565 => 26883564
19089637 => 19089636
-25733136 => -25733137
-7090405 => -7090406
40302275 => 40302274
15228828 => 15228827
-32232713 => -32232714
-5434944 => -5434945
-19485705 => -19485706
25684355 => 25684354
15246188 => 15246187
4644572 => 4644571
13859544 => 13859543
-19022159 => -19022160
-10956988 => -10956989
-12266065 => -12266066
-24318398 => -24318399
-40077319 => -40077320
-2621983 => -2621984
[32mMatMul Output Matches[0m
ArgMax 1 called, s1=1, s2=1001
Thread i = 0, total data sent till now = 402296114
Thread i = 1, total data sent till now = 81574647
Thread i = 2, total data sent till now = 26857052
Thread i = 3, total data sent till now = 81574647
------------------------------------------------------
------------------------------------------------------
------------------------------------------------------
Total time taken = 34731 milliseconds.
Total data sent = 559.132 MiB.
Number of rounds = 1042
Total comm (sent+received) = (see SERVER OUTPUT)
------------------------------------------------------
top-10 values from ResNet50
[4.6187915,4.5803874,4.4818711,4.4085582,4.1744133,4.1557586,4.1007004,4.0379722,4.0315083,3.9926427,]
predicted label=814
Finished!!!!!!
