Using Eigen for Matmul
Doing BaseOT ...
using silent ot pack
using silent ot pack
using silent ot pack
using silent ot pack
After one-time setup, communication
Thread i = 0, total data sent till now = 830967
Thread i = 1, total data sent till now = 1726247
Thread i = 2, total data sent till now = 1726247
Thread i = 3, total data sent till now = 1726247
-----------Syncronizing-----------
secret_share_mod: 137438953472 bitlength: 37
backend: Ring-SilentOT-Cheetah
-----------Syncronized - now starting execution-----------
Conv2DWrapper, task number: 1
Conv2DWrapper, point 1, task number: 1
HomConv #1 called N=1, H=227, W=227, CI=3, FH=3, FW=3, CO=64, S=2, Padding VALID (0 0 0 0)
expect -4256 but got -4255
expect -64 but got -63
expect -42 but got -43
expect 170 but got 169
[32mConvolution Output Matches[0m
Using Eigen for Matmul
Doing BaseOT ...
Maxpool 1 called N=1, H=56, W=56, C=64, ksizeH=3, ksizeW=3
using silent ot pack
using silent ot pack
using silent ot pack
Relu task 1
Relu #1 on 200704 points, truncate=1 by 12 bits
Mill dotrunc 1 on 16 bits using b = 4
Mill dotrunc 1 on 16 bits using b = 4
Mill dotrunc 1 on 16 bits using b = 4
Mill dotrunc 1 on 16 bits using b = 4
Relu point 1 task 1
Relu point 1.5 task 1
Started all threads, task 1
Relu point 2 task 1
Relu point 3 task 1
Conv2DWrapper, task number: 1
Conv2DWrapper, point 1, task number: 1
HomConv #2 called N=1, H=56, W=56, CI=64, FH=1, FW=1, CO=16, S=1, Padding VALID (0 0 0 0)
expect -651519 but got -651518
expect 6299129 but got 6299130
[32mConvolution Output Matches[0m
Relu task 1
Relu #3 on 50176 points, truncate=1 by 12 bits
Mill dotrunc 1 on 16 bits using b = 4
Mill dotrunc 1 on 16 bits using b = 4
Mill dotrunc 1 on 16 bits using b = 4
Mill dotrunc 1 on 16 bits using b = 4
Relu point 1 task 1
Relu point 1.5 task 1
Started all threads, task 1
Relu point 2 task 1
Relu point 3 task 1
Conv2DWrapper, task number: 1
Conv2DWrapper, point 1, task number: 1
HomConv #3 called N=1, H=56, W=56, CI=16, FH=1, FW=1, CO=64, S=1, Padding VALID (0 0 0 0)
expect 6855783 but got 6855784
expect 5596800 but got 5596801
expect 4135910 but got 4135909
[32mConvolution Output Matches[0m
Relu task 1
Relu #5 on 200704 points, truncate=1 by 12 bits
Mill dotrunc 1 on 16 bits using b = 4
Mill dotrunc 1 on 16 bits using b = 4
Mill dotrunc 1 on 16 bits using b = 4
Mill dotrunc 1 on 16 bits using b = 4
Relu point 1 task 1
Relu point 1.5 task 1
Started all threads, task 1
Relu point 2 task 1
Relu point 3 task 1
Conv2DWrapper, task number: 1
Conv2DWrapper, point 1, task number: 1
HomConv #4 called N=1, H=56, W=56, CI=16, FH=3, FW=3, CO=64, S=1, Padding SAME (1 1 1 1)
expect -3377365 but got -3377364
expect -5881493 but got -5881492
[32mConvolution Output Matches[0m
Relu task 1
Relu #7 on 200704 points, truncate=1 by 12 bits
Mill dotrunc 1 on 16 bits using b = 4
Mill dotrunc 1 on 16 bits using b = 4
Mill dotrunc 1 on 16 bits using b = 4
Mill dotrunc 1 on 16 bits using b = 4
using silent ot pack
Relu point 1 task 1
Relu point 1.5 task 1
Started all threads, task 1
Relu point 2 task 1
Relu point 3 task 1
Conv2DWrapper, task number: 1
Conv2DWrapper, point 1, task number: 1
HomConv #5 called N=1, H=56, W=56, CI=128, FH=1, FW=1, CO=16, S=1, Padding VALID (0 0 0 0)
expect -11049370 but got -11049369
expect 13978627 but got 13978628
[32mConvolution Output Matches[0m
Relu task 1
Relu #9 on 50176 points, truncate=1 by 12 bits
Mill dotrunc 1 on 16 bits using b = 4
Mill dotrunc 1 on 16 bits using b = 4
Mill dotrunc 1 on 16 bits using b = 4
Mill dotrunc 1 on 16 bits using b = 4
Relu point 1 task 1
Relu point 1.5 task 1
Started all threads, task 1
Relu point 2 task 1
Relu point 3 task 1
Conv2DWrapper, task number: 1
Conv2DWrapper, point 1, task number: 1
HomConv #6 called N=1, H=56, W=56, CI=16, FH=1, FW=1, CO=64, S=1, Padding VALID (0 0 0 0)
expect -2824808 but got -2824807
expect -1460568 but got -1460567
expect -7062845 but got -7062846
expect -2854778 but got -2854779
[32mConvolution Output Matches[0m
Relu task 1
Relu #11 on 200704 points, truncate=1 by 12 bits
Mill dotrunc 1 on 16 bits using b = 4
Mill dotrunc 1 on 16 bits using b = 4
Mill dotrunc 1 on 16 bits using b = 4
Mill dotrunc 1 on 16 bits using b = 4
Relu point 1 task 1
Relu point 1.5 task 1
Started all threads, task 1
Relu point 2 task 1
Relu point 3 task 1
Conv2DWrapper, task number: 1
Conv2DWrapper, point 1, task number: 1
HomConv #7 called N=1, H=56, W=56, CI=16, FH=3, FW=3, CO=64, S=1, Padding SAME (1 1 1 1)
expect -2866142 but got -2866141
expect -14305807 but got -14305806
expect 10947240 but got 10947239
[32mConvolution Output Matches[0m
Relu task 1
Relu #13 on 200704 points, truncate=1 by 12 bits
Mill dotrunc 1 on 16 bits using b = 4
Mill dotrunc 1 on 16 bits using b = 4
Mill dotrunc 1 on 16 bits using b = 4
Mill dotrunc 1 on 16 bits using b = 4
Relu point 1 task 1
Relu point 1.5 task 1
Started all threads, task 1
Relu point 2 task 1
Relu point 3 task 1
Maxpool 2 called N=1, H=27, W=27, C=128, ksizeH=3, ksizeW=3
After one-time setup, communication
Thread i = 4, total data sent till now = 1997745
Thread i = 5, total data sent till now = 1726247
Thread i = 6, total data sent till now = 1726247
Thread i = 7, total data sent till now = 1726247
-----------Syncronizing-----------
secret_share_mod: 137438953472 bitlength: 37
backend: Ring-SilentOT-Cheetah
-----------Syncronized - now starting execution-----------
Conv2DWrapper, task number: 2
Conv2DWrapper, point 1, task number: 2
HomConv #8 called N=1, H=227, W=227, CI=3, FH=3, FW=3, CO=64, S=2, Padding VALID (0 0 0 0)
expect -68 but got -67
expect -7 but got -6
expect -30 but got -31
expect -598 but got -599
[32mConvolution Output Matches[0m
Maxpool 3 called N=1, H=56, W=56, C=64, ksizeH=3, ksizeW=3
Conv2DWrapper, task number: 1
Conv2DWrapper, point 1, task number: 1
HomConv #9 called N=1, H=27, W=27, CI=128, FH=1, FW=1, CO=32, S=1, Padding VALID (0 0 0 0)
expect 21882597 but got 21882598
expect -2252680 but got -2252679
[32mConvolution Output Matches[0m
Relu task 1
Relu #15 on 23328 points, truncate=1 by 12 bits
Mill dotrunc 1 on 16 bits using b = 4
Mill dotrunc 1 on 16 bits using b = 4
Mill dotrunc 1 on 16 bits using b = 4
Mill dotrunc 1 on 16 bits using b = 4
Relu point 1 task 1
Relu point 1.5 task 1
Started all threads, task 1
Relu point 2 task 1
Relu point 3 task 1
Conv2DWrapper, task number: 1
Conv2DWrapper, point 1, task number: 1
HomConv #10 called N=1, H=27, W=27, CI=32, FH=1, FW=1, CO=128, S=1, Padding VALID (0 0 0 0)
expect 22538557 but got 22538558
expect 19758458 but got 19758459
expect -11203039 but got -11203040
[32mConvolution Output Matches[0m
Relu task 1
Relu #17 on 93312 points, truncate=1 by 12 bits
Mill dotrunc 1 on 16 bits using b = 4
Mill dotrunc 1 on 16 bits using b = 4
Mill dotrunc 1 on 16 bits using b = 4
Mill dotrunc 1 on 16 bits using b = 4
Relu point 1 task 1
Relu point 1.5 task 1
Started all threads, task 1
Relu point 2 task 1
Relu point 3 task 1
Conv2DWrapper, task number: 1
Conv2DWrapper, point 1, task number: 1
HomConv #11 called N=1, H=27, W=27, CI=32, FH=3, FW=3, CO=128, S=1, Padding SAME (1 1 1 1)
expect -38730181 but got -38730180
expect -15105145 but got -15105144
expect -7676572 but got -7676573
expect -7386283 but got -7386284
[32mConvolution Output Matches[0m
Relu task 1
Relu #19 on 93312 points, truncate=1 by 12 bits
Mill dotrunc 1 on 16 bits using b = 4
Mill dotrunc 1 on 16 bits using b = 4
Mill dotrunc 1 on 16 bits using b = 4
Mill dotrunc 1 on 16 bits using b = 4
Relu point 1 task 1
Relu point 1.5 task 1
Started all threads, task 1
Relu point 2 task 1
Relu point 3 task 1
Conv2DWrapper, task number: 1
Conv2DWrapper, point 1, task number: 1
HomConv #12 called N=1, H=27, W=27, CI=256, FH=1, FW=1, CO=32, S=1, Padding VALID (0 0 0 0)
expect 24521465 but got 24521466
expect 12464941 but got 12464942
[32mConvolution Output Matches[0m
Relu task 1
Relu #21 on 23328 points, truncate=1 by 12 bits
Mill dotrunc 1 on 16 bits using b = 4
Mill dotrunc 1 on 16 bits using b = 4
Mill dotrunc 1 on 16 bits using b = 4
Mill dotrunc 1 on 16 bits using b = 4
Relu point 1 task 1
Relu point 1.5 task 1
Started all threads, task 1
Relu point 2 task 1
Relu point 3 task 1
Conv2DWrapper, task number: 1
Conv2DWrapper, point 1, task number: 1
HomConv #13 called N=1, H=27, W=27, CI=32, FH=1, FW=1, CO=128, S=1, Padding VALID (0 0 0 0)
expect -11283776 but got -11283775
expect 1352457 but got 1352458
[32mConvolution Output Matches[0m
Relu task 1
Relu #23 on 93312 points, truncate=1 by 12 bits
Mill dotrunc 1 on 16 bits using b = 4
Mill dotrunc 1 on 16 bits using b = 4
Mill dotrunc 1 on 16 bits using b = 4
Mill dotrunc 1 on 16 bits using b = 4
Relu point 1 task 1
Relu point 1.5 task 1
Started all threads, task 1
Relu point 2 task 1
Relu point 3 task 1
Conv2DWrapper, task number: 1
Conv2DWrapper, point 1, task number: 1
HomConv #14 called N=1, H=27, W=27, CI=32, FH=3, FW=3, CO=128, S=1, Padding SAME (1 1 1 1)
expect -16520215 but got -16520214
expect -15178669 but got -15178668
expect -21780854 but got -21780855
[32mConvolution Output Matches[0m
Relu task 1
Relu #25 on 93312 points, truncate=1 by 12 bits
Mill dotrunc 1 on 16 bits using b = 4
Mill dotrunc 1 on 16 bits using b = 4
Mill dotrunc 1 on 16 bits using b = 4
Mill dotrunc 1 on 16 bits using b = 4
Relu point 1 task 1
Relu point 1.5 task 1
Started all threads, task 1
Relu point 2 task 1
Relu point 3 task 1
Maxpool 4 called N=1, H=13, W=13, C=256, ksizeH=3, ksizeW=3
Relu task 2
Relu #27 on 200704 points, truncate=1 by 12 bits
Mill dotrunc 1 on 16 bits using b = 4
Mill dotrunc 1 on 16 bits using b = 4
Mill dotrunc 1 on 16 bits using b = 4
Mill dotrunc 1 on 16 bits using b = 4
Conv2DWrapper, task number: 1
Conv2DWrapper, point 1, task number: 1
HomConv #15 called N=1, H=13, W=13, CI=256, FH=1, FW=1, CO=48, S=1, Padding VALID (0 0 0 0)
Relu point 1 task 2
Relu point 1.5 task 2
Started all threads, task 2
Relu point 2 task 2
Relu point 3 task 2
Conv2DWrapper, task number: 2
Conv2DWrapper, point 1, task number: 2
HomConv #16 called N=1, H=56, W=56, CI=64, FH=1, FW=1, CO=16, S=1, Padding VALID (0 0 0 0)
expect 22186938 but got 22186939
expect -38152479 but got -38152478
[32mConvolution Output Matches[0m
Relu task 1
Relu #29 on 8112 points, truncate=1 by 12 bits
Mill dotrunc 1 on 16 bits using b = 4
Mill dotrunc 1 on 16 bits using b = 4
Mill dotrunc 1 on 16 bits using b = 4
Mill dotrunc 1 on 16 bits using b = 4
Relu point 1 task 1
Relu point 1.5 task 1
Started all threads, task 1
Relu point 2 task 1
Relu point 3 task 1
Conv2DWrapper, task number: 1
Conv2DWrapper, point 1, task number: 1
HomConv #17 called N=1, H=13, W=13, CI=48, FH=1, FW=1, CO=192, S=1, Padding VALID (0 0 0 0)
expect 5863307664 but got 5863307665
expect 29935675376 but got 29935675377
[32mConvolution Output Matches[0m
Relu task 2
Relu #31 on 50176 points, truncate=1 by 12 bits
Mill dotrunc 1 on 16 bits using b = 4
Mill dotrunc 1 on 16 bits using b = 4
Mill dotrunc 1 on 16 bits using b = 4
Mill dotrunc 1 on 16 bits using b = 4
Relu point 1 task 2
Relu point 1.5 task 2
Started all threads, task 2
Relu point 2 task 2
Relu point 3 task 2
Conv2DWrapper, task number: 2
Conv2DWrapper, point 1, task number: 2
HomConv #18 called N=1, H=56, W=56, CI=16, FH=1, FW=1, CO=64, S=1, Padding VALID (0 0 0 0)
expect 11517791 but got 11517792
expect -9204031 but got -9204030
[32mConvolution Output Matches[0m
Relu task 1
Relu #33 on 32448 points, truncate=1 by 12 bits
Mill dotrunc 1 on 16 bits using b = 4
Mill dotrunc 1 on 16 bits using b = 4
Mill dotrunc 1 on 16 bits using b = 4
Mill dotrunc 1 on 16 bits using b = 4
Relu point 1 task 1
Relu point 1.5 task 1
Started all threads, task 1
Relu point 2 task 1
Relu point 3 task 1
Conv2DWrapper, task number: 1
expect 4337016979 but got 4337016980
expect 5409492049 but got 5409492050
Conv2DWrapper, point 1, task number: 1
HomConv #19 called N=1, H=13, W=13, CI=48, FH=3, FW=3, CO=192, S=1, Padding SAME (1 1 1 1)
[32mConvolution Output Matches[0m
Relu task 2
Relu #35 on 200704 points, truncate=1 by 12 bits
Mill dotrunc 1 on 16 bits using b = 4
Mill dotrunc 1 on 16 bits using b = 4
Mill dotrunc 1 on 16 bits using b = 4
Mill dotrunc 1 on 16 bits using b = 4
Relu point 1 task 2
Relu point 1.5 task 2
Started all threads, task 2
Relu point 2 task 2
Relu point 3 task 2
Conv2DWrapper, task number: 2
Conv2DWrapper, point 1, task number: 2
HomConv #20 called N=1, H=56, W=56, CI=16, FH=3, FW=3, CO=64, S=1, Padding SAME (1 1 1 1)
expect -17999318 but got -17999317
expect 1455494 but got 1455495
[32mConvolution Output Matches[0m
Relu task 1
Relu #37 on 32448 points, truncate=1 by 12 bits
Mill dotrunc 1 on 16 bits using b = 4
Mill dotrunc 1 on 16 bits using b = 4
Mill dotrunc 1 on 16 bits using b = 4
Mill dotrunc 1 on 16 bits using b = 4
Relu point 1 task 1
Relu point 1.5 task 1
Started all threads, task 1
Relu point 2 task 1
Relu point 3 task 1
Conv2DWrapper, task number: 1
Conv2DWrapper, point 1, task number: 1
HomConv #21 called N=1, H=13, W=13, CI=384, FH=1, FW=1, CO=48, S=1, Padding VALID (0 0 0 0)
expect 7148800 but got 7148801
expect 1710371 but got 1710372
[32mConvolution Output Matches[0m
Relu task 1
Relu #39 on 8112 points, truncate=1 by 12 bits
Mill dotrunc 1 on 16 bits using b = 4
Mill dotrunc 1 on 16 bits using b = 4
Mill dotrunc 1 on 16 bits using b = 4
Mill dotrunc 1 on 16 bits using b = 4
expect -29916864844 but got -29916864843
expect -20948442954 but got -20948442953
[32mConvolution Output Matches[0m
Relu task 2
Relu #41 on 200704 points, truncate=1 by 12 bits
Mill dotrunc 1 on 16 bits using b = 4
Mill dotrunc 1 on 16 bits using b = 4
Mill dotrunc 1 on 16 bits using b = 4
Mill dotrunc 1 on 16 bits using b = 4
Relu point 1 task 1
Relu point 1.5 task 1
Started all threads, task 1
Relu point 2 task 1
Relu point 3 task 1
Conv2DWrapper, task number: 1
Conv2DWrapper, point 1, task number: 1
HomConv #22 called N=1, H=13, W=13, CI=48, FH=1, FW=1, CO=192, S=1, Padding VALID (0 0 0 0)
expect 809554 but got 809555
expect -10130836 but got -10130835
[32mConvolution Output Matches[0m
Relu task 1
Relu #43 on 32448 points, truncate=1 by 12 bits
Mill dotrunc 1 on 16 bits using b = 4
Mill dotrunc 1 on 16 bits using b = 4
Mill dotrunc 1 on 16 bits using b = 4
Mill dotrunc 1 on 16 bits using b = 4
Relu point 1 task 2
Relu point 1 task 1
Relu point 1.5 task 1
Relu point 1.5 task 2
Started all threads, task 1
Started all threads, task 2
Relu point 2 task 1
Relu point 3 task 1
Conv2DWrapper, task number: 1
Conv2DWrapper, point 1, task number: 1
HomConv #23 called N=1, H=13, W=13, CI=48, FH=3, FW=3, CO=192, S=1, Padding SAME (1 1 1 1)
Relu point 2 task 2
Relu point 3 task 2
Conv2DWrapper, task number: 2
Conv2DWrapper, point 1, task number: 2
HomConv #24 called N=1, H=56, W=56, CI=128, FH=1, FW=1, CO=16, S=1, Padding VALID (0 0 0 0)
expect -18628383 but got -18628382
expect -8088375 but got -8088374
expect -10521426 but got -10521427
[32mConvolution Output Matches[0m
Relu task 1
Relu #45 on 32448 points, truncate=1 by 12 bits
Mill dotrunc 1 on 16 bits using b = 4
Mill dotrunc 1 on 16 bits using b = 4
Mill dotrunc 1 on 16 bits using b = 4
Mill dotrunc 1 on 16 bits using b = 4
expect 59564158759 but got 59564158760
expect 3101446443 but got 3101446444
[32mConvolution Output Matches[0m
Relu task 2
Relu #47 on 50176 points, truncate=1 by 12 bits
Mill dotrunc 1 on 16 bits using b = 4
Mill dotrunc 1 on 16 bits using b = 4
Mill dotrunc 1 on 16 bits using b = 4
Mill dotrunc 1 on 16 bits using b = 4
Relu point 1 task 1
Relu point 1.5 task 1
Started all threads, task 1
Relu point 2 task 1
Relu point 3 task 1
Conv2DWrapper, task number: 1
Conv2DWrapper, point 1, task number: 1
HomConv #25 called N=1, H=13, W=13, CI=384, FH=1, FW=1, CO=64, S=1, Padding VALID (0 0 0 0)
Relu point 1 task 2
Relu point 1.5 task 2
Started all threads, task 2
Relu point 2 task 2
Relu point 3 task 2
Conv2DWrapper, task number: 2
Conv2DWrapper, point 1, task number: 2
HomConv #26 called N=1, H=56, W=56, CI=16, FH=1, FW=1, CO=64, S=1, Padding VALID (0 0 0 0)
expect 4090750 but got 4090751
expect -3015778 but got -3015777
[32mConvolution Output Matches[0m
Relu task 1
Relu #49 on 10816 points, truncate=1 by 12 bits
Mill dotrunc 1 on 16 bits using b = 4
Mill dotrunc 1 on 16 bits using b = 4
Mill dotrunc 1 on 16 bits using b = 4
Mill dotrunc 1 on 16 bits using b = 4
Relu point 1 task 1
Relu point 1.5 task 1
Started all threads, task 1
Relu point 2 task 1
Relu point 3 task 1
Conv2DWrapper, task number: 1
Conv2DWrapper, point 1, task number: 1
HomConv #27 called N=1, H=13, W=13, CI=64, FH=1, FW=1, CO=256, S=1, Padding VALID (0 0 0 0)
expect -14685939870 but got -14685939869
expect 13872598186 but got 13872598187
[32mConvolution Output Matches[0m
Relu task 2
Relu #51 on 200704 points, truncate=1 by 12 bits
Mill dotrunc 1 on 16 bits using b = 4
Mill dotrunc 1 on 16 bits using b = 4
Mill dotrunc 1 on 16 bits using b = 4
Mill dotrunc 1 on 16 bits using b = 4
expect 8553817 but got 8553818
expect 7855160 but got 7855161
[32mConvolution Output Matches[0m
Relu task 1
Relu #53 on 43264 points, truncate=1 by 12 bits
Mill dotrunc 1 on 16 bits using b = 4
Mill dotrunc 1 on 16 bits using b = 4
Mill dotrunc 1 on 16 bits using b = 4
Mill dotrunc 1 on 16 bits using b = 4
Relu point 1 task 2
Relu point 1.5 task 2
Started all threads, task 2
Relu point 2 task 2
Relu point 3 task 2
Conv2DWrapper, task number: 2
Conv2DWrapper, point 1, task number: 2
HomConv #28 called N=1, H=56, W=56, CI=16, FH=3, FW=3, CO=64, S=1, Padding SAME (1 1 1 1)
Relu point 1 task 1
Relu point 1.5 task 1
Started all threads, task 1
Relu point 2 task 1
Relu point 3 task 1
Conv2DWrapper, task number: 1
Conv2DWrapper, point 1, task number: 1
HomConv #29 called N=1, H=13, W=13, CI=64, FH=3, FW=3, CO=256, S=1, Padding SAME (1 1 1 1)
expect 13432197571 but got 13432197572
expect 6054776473 but got 6054776474
[32mConvolution Output Matches[0m
Relu task 2
Relu #55 on 200704 points, truncate=1 by 12 bits
Mill dotrunc 1 on 16 bits using b = 4
Mill dotrunc 1 on 16 bits using b = 4
Mill dotrunc 1 on 16 bits using b = 4
Mill dotrunc 1 on 16 bits using b = 4
expect 16382756 but got 16382757
expect 12105037 but got 12105038
[32mConvolution Output Matches[0m
Relu task 1
Relu #57 on 43264 points, truncate=1 by 12 bits
Mill dotrunc 1 on 16 bits using b = 4
Mill dotrunc 1 on 16 bits using b = 4
Mill dotrunc 1 on 16 bits using b = 4
Mill dotrunc 1 on 16 bits using b = 4
Relu point 1 task 1
Relu point 1.5 task 1
Started all threads, task 1
Relu point 2 task 1
Relu point 3 task 1
Conv2DWrapper, task number: 1
Conv2DWrapper, point 1, task number: 1
HomConv #30 called N=1, H=13, W=13, CI=512, FH=1, FW=1, CO=64, S=1, Padding VALID (0 0 0 0)
Relu point 1 task 2
Relu point 1.5 task 2
Started all threads, task 2
Relu point 2 task 2
Relu point 3 task 2
Maxpool 5 called N=1, H=27, W=27, C=128, ksizeH=3, ksizeW=3
expect 105442322 but got 105442323
expect 5908815 but got 5908816
[32mConvolution Output Matches[0m
Relu task 1
Relu #59 on 10816 points, truncate=1 by 12 bits
Mill dotrunc 1 on 16 bits using b = 4
Mill dotrunc 1 on 16 bits using b = 4
Mill dotrunc 1 on 16 bits using b = 4
Mill dotrunc 1 on 16 bits using b = 4
Relu point 1 task 1
Relu point 1.5 task 1
Started all threads, task 1
Relu point 2 task 1
Relu point 3 task 1
Conv2DWrapper, task number: 1
Conv2DWrapper, point 1, task number: 1
HomConv #31 called N=1, H=13, W=13, CI=64, FH=1, FW=1, CO=256, S=1, Padding VALID (0 0 0 0)
expect -53802619 but got -53802618
expect -31535830 but got -31535829
[32mConvolution Output Matches[0m
Relu task 1
Relu #61 on 43264 points, truncate=1 by 12 bits
Mill dotrunc 1 on 16 bits using b = 4
Mill dotrunc 1 on 16 bits using b = 4
Mill dotrunc 1 on 16 bits using b = 4
Mill dotrunc 1 on 16 bits using b = 4
Relu point 1 task 1
Relu point 1.5 task 1
Started all threads, task 1
Relu point 2 task 1
Relu point 3 task 1
Conv2DWrapper, task number: 1
Conv2DWrapper, point 1, task number: 1
HomConv #32 called N=1, H=13, W=13, CI=64, FH=3, FW=3, CO=256, S=1, Padding SAME (1 1 1 1)
expect 17318522 but got 17318523
expect -122391237 but got -122391236
[32mConvolution Output Matches[0m
Relu task 1
Relu #63 on 43264 points, truncate=1 by 12 bits
Mill dotrunc 1 on 16 bits using b = 4
Mill dotrunc 1 on 16 bits using b = 4
Mill dotrunc 1 on 16 bits using b = 4
Mill dotrunc 1 on 16 bits using b = 4
Relu point 1 task 1
Relu point 1.5 task 1
Started all threads, task 1
Relu point 2 task 1
Relu point 3 task 1
Layer 21, task 1
Conv2DWrapper, task number: 1
Conv2DWrapper, point 1, task number: 1
HomConv #33 called N=1, H=13, W=13, CI=512, FH=1, FW=1, CO=1000, S=1, Padding VALID (0 0 0 0)
expect 46996173 but got 46996174
expect 50792295 but got 50792296
expect 139791838 but got 139791837
[32mConvolution Output Matches[0m
Relu task 1
Relu #65 on 169000 points, truncate=1 by 12 bits
Mill dotrunc 1 on 16 bits using b = 4
Mill dotrunc 1 on 16 bits using b = 4
Mill dotrunc 1 on 16 bits using b = 4
Mill dotrunc 1 on 16 bits using b = 4
Relu point 1 task 1
Relu point 1.5 task 1
Started all threads, task 1
Relu point 2 task 1
Relu point 3 task 1
Layer 22, task 1
AvgPool 1 called N=1, H=1, W=1, C=1000, ksizeH=13, ksizeW=13
ArgMax 1 called, s1=1, s2=1000
Thread i = 0, total data sent till now = 47133192
Thread i = 1, total data sent till now = 46158242
Thread i = 2, total data sent till now = 15339225
Thread i = 3, total data sent till now = 46160049
------------------------------------------------------
------------------------------------------------------
------------------------------------------------------
Total time taken = 12525 milliseconds.
Total data sent = 141.889 MiB.
Number of rounds = 802
Total comm (sent+received) = (see SERVER OUTPUT)
------------------------------------------------------
top-10 values from SqueezeNet
[13.4118652,13.1843262,12.8969727,12.8747559,12.4936523,12.4675293,12.2934570,12.1806641,12.1235352,12.0168457,]
predicted label = 111
Conv2DWrapper, task number: 2
Conv2DWrapper, point 1, task number: 2
HomConv #34 called N=1, H=27, W=27, CI=128, FH=1, FW=1, CO=32, S=1, Padding VALID (0 0 0 0)
expect -52577104664 but got -52577104663
expect -59143516668 but got -59143516667
[32mConvolution Output Matches[0m
Relu task 2
Relu #67 on 23328 points, truncate=1 by 12 bits
Mill dotrunc 1 on 16 bits using b = 4
Mill dotrunc 1 on 16 bits using b = 4
Mill dotrunc 1 on 16 bits using b = 4
Mill dotrunc 1 on 16 bits using b = 4
Relu point 1 task 2
Relu point 1.5 task 2
Started all threads, task 2
Relu point 2 task 2
Relu point 3 task 2
Conv2DWrapper, task number: 2
Conv2DWrapper, point 1, task number: 2
HomConv #35 called N=1, H=27, W=27, CI=32, FH=1, FW=1, CO=128, S=1, Padding VALID (0 0 0 0)
expect -19801761260 but got -19801761259
expect 11334870507 but got 11334870508
[32mConvolution Output Matches[0m
Relu task 2
Relu #69 on 93312 points, truncate=1 by 12 bits
Mill dotrunc 1 on 16 bits using b = 4
Mill dotrunc 1 on 16 bits using b = 4
Mill dotrunc 1 on 16 bits using b = 4
Mill dotrunc 1 on 16 bits using b = 4
Relu point 1 task 2
Relu point 1.5 task 2
Started all threads, task 2
Relu point 2 task 2
Relu point 3 task 2
Conv2DWrapper, task number: 2
Conv2DWrapper, point 1, task number: 2
HomConv #36 called N=1, H=27, W=27, CI=32, FH=3, FW=3, CO=128, S=1, Padding SAME (1 1 1 1)
expect 51425675033 but got 51425675034
expect 62889984591 but got 62889984592
[32mConvolution Output Matches[0m
Relu task 2
Relu #71 on 93312 points, truncate=1 by 12 bits
Mill dotrunc 1 on 16 bits using b = 4
Mill dotrunc 1 on 16 bits using b = 4
Mill dotrunc 1 on 16 bits using b = 4
Mill dotrunc 1 on 16 bits using b = 4
Relu point 1 task 2
Relu point 1.5 task 2
Started all threads, task 2
Relu point 2 task 2
Relu point 3 task 2
Conv2DWrapper, task number: 2
Conv2DWrapper, point 1, task number: 2
HomConv #37 called N=1, H=27, W=27, CI=256, FH=1, FW=1, CO=32, S=1, Padding VALID (0 0 0 0)
expect 40915535849 but got 40915535850
expect -16645948429 but got -16645948428
[32mConvolution Output Matches[0m
Relu task 2
Relu #73 on 23328 points, truncate=1 by 12 bits
Mill dotrunc 1 on 16 bits using b = 4
Mill dotrunc 1 on 16 bits using b = 4
Mill dotrunc 1 on 16 bits using b = 4
Mill dotrunc 1 on 16 bits using b = 4
Relu point 1 task 2
Relu point 1.5 task 2
Started all threads, task 2
Relu point 2 task 2
Relu point 3 task 2
Conv2DWrapper, task number: 2
Conv2DWrapper, point 1, task number: 2
HomConv #38 called N=1, H=27, W=27, CI=32, FH=1, FW=1, CO=128, S=1, Padding VALID (0 0 0 0)
expect 4084313127 but got 4084313128
expect -341353698 but got -341353697
[32mConvolution Output Matches[0m
Relu task 2
Relu #75 on 93312 points, truncate=1 by 12 bits
Mill dotrunc 1 on 16 bits using b = 4
Mill dotrunc 1 on 16 bits using b = 4
Mill dotrunc 1 on 16 bits using b = 4
Mill dotrunc 1 on 16 bits using b = 4
Relu point 1 task 2
Relu point 1.5 task 2
Started all threads, task 2
Relu point 2 task 2
Relu point 3 task 2
Conv2DWrapper, task number: 2
Conv2DWrapper, point 1, task number: 2
HomConv #39 called N=1, H=27, W=27, CI=32, FH=3, FW=3, CO=128, S=1, Padding SAME (1 1 1 1)
expect -1211524259 but got -1211524258
expect -45482095360 but got -45482095359
[32mConvolution Output Matches[0m
Relu task 2
Relu #77 on 93312 points, truncate=1 by 12 bits
Mill dotrunc 1 on 16 bits using b = 4
Mill dotrunc 1 on 16 bits using b = 4
Mill dotrunc 1 on 16 bits using b = 4
Mill dotrunc 1 on 16 bits using b = 4
Relu point 1 task 2
Relu point 1.5 task 2
Started all threads, task 2
Relu point 2 task 2
Relu point 3 task 2
Maxpool 6 called N=1, H=13, W=13, C=256, ksizeH=3, ksizeW=3
Conv2DWrapper, task number: 2
Conv2DWrapper, point 1, task number: 2
HomConv #40 called N=1, H=13, W=13, CI=256, FH=1, FW=1, CO=48, S=1, Padding VALID (0 0 0 0)
expect -20500683427 but got -20500683426
expect 62514086391 but got 62514086392
[32mConvolution Output Matches[0m
Relu task 2
Relu #79 on 8112 points, truncate=1 by 12 bits
Mill dotrunc 1 on 16 bits using b = 4
Mill dotrunc 1 on 16 bits using b = 4
Mill dotrunc 1 on 16 bits using b = 4
Mill dotrunc 1 on 16 bits using b = 4
Relu point 1 task 2
Relu point 1.5 task 2
Started all threads, task 2
Relu point 2 task 2
Relu point 3 task 2
Conv2DWrapper, task number: 2
Conv2DWrapper, point 1, task number: 2
HomConv #41 called N=1, H=13, W=13, CI=48, FH=1, FW=1, CO=192, S=1, Padding VALID (0 0 0 0)
expect 32407098106 but got 32407098107
expect -4711725548 but got -4711725547
[32mConvolution Output Matches[0m
Relu task 2
Relu #81 on 32448 points, truncate=1 by 12 bits
Mill dotrunc 1 on 16 bits using b = 4
Mill dotrunc 1 on 16 bits using b = 4
Mill dotrunc 1 on 16 bits using b = 4
Mill dotrunc 1 on 16 bits using b = 4
Relu point 1 task 2
Relu point 1.5 task 2
Started all threads, task 2
Relu point 2 task 2
Relu point 3 task 2
Conv2DWrapper, task number: 2
Conv2DWrapper, point 1, task number: 2
HomConv #42 called N=1, H=13, W=13, CI=48, FH=3, FW=3, CO=192, S=1, Padding SAME (1 1 1 1)
expect 9585458888 but got 9585458889
expect 6855328781 but got 6855328782
expect -4935748102 but got -4935748103
[32mConvolution Output Matches[0m
Relu task 2
Relu #83 on 32448 points, truncate=1 by 12 bits
Mill dotrunc 1 on 16 bits using b = 4
Mill dotrunc 1 on 16 bits using b = 4
Mill dotrunc 1 on 16 bits using b = 4
Mill dotrunc 1 on 16 bits using b = 4
Relu point 1 task 2
Relu point 1.5 task 2
Started all threads, task 2
Relu point 2 task 2
Relu point 3 task 2
Conv2DWrapper, task number: 2
Conv2DWrapper, point 1, task number: 2
HomConv #43 called N=1, H=13, W=13, CI=384, FH=1, FW=1, CO=48, S=1, Padding VALID (0 0 0 0)
expect 11481149768 but got 11481149769
expect -61133323076 but got -61133323075
[32mConvolution Output Matches[0m
Relu task 2
Relu #85 on 8112 points, truncate=1 by 12 bits
Mill dotrunc 1 on 16 bits using b = 4
Mill dotrunc 1 on 16 bits using b = 4
Mill dotrunc 1 on 16 bits using b = 4
Mill dotrunc 1 on 16 bits using b = 4
Relu point 1 task 2
Relu point 1.5 task 2
Started all threads, task 2
Relu point 2 task 2
Relu point 3 task 2
Conv2DWrapper, task number: 2
Conv2DWrapper, point 1, task number: 2
HomConv #44 called N=1, H=13, W=13, CI=48, FH=1, FW=1, CO=192, S=1, Padding VALID (0 0 0 0)
expect -7096441236 but got -7096441235
expect -23037259812 but got -23037259811
[32mConvolution Output Matches[0m
Relu task 2
Relu #87 on 32448 points, truncate=1 by 12 bits
Mill dotrunc 1 on 16 bits using b = 4
Mill dotrunc 1 on 16 bits using b = 4
Mill dotrunc 1 on 16 bits using b = 4
Mill dotrunc 1 on 16 bits using b = 4
Relu point 1 task 2
Relu point 1.5 task 2
Started all threads, task 2
Relu point 2 task 2
Relu point 3 task 2
Conv2DWrapper, task number: 2
Conv2DWrapper, point 1, task number: 2
HomConv #45 called N=1, H=13, W=13, CI=48, FH=3, FW=3, CO=192, S=1, Padding SAME (1 1 1 1)
expect -7735021967 but got -7735021966
expect -46890069610 but got -46890069609
[32mConvolution Output Matches[0m
Relu task 2
Relu #89 on 32448 points, truncate=1 by 12 bits
Mill dotrunc 1 on 16 bits using b = 4
Mill dotrunc 1 on 16 bits using b = 4
Mill dotrunc 1 on 16 bits using b = 4
Mill dotrunc 1 on 16 bits using b = 4
Relu point 1 task 2
Relu point 1.5 task 2
Started all threads, task 2
Relu point 2 task 2
Relu point 3 task 2
Conv2DWrapper, task number: 2
Conv2DWrapper, point 1, task number: 2
HomConv #46 called N=1, H=13, W=13, CI=384, FH=1, FW=1, CO=64, S=1, Padding VALID (0 0 0 0)
expect -64458740316 but got -64458740315
expect 477894181 but got 477894182
[32mConvolution Output Matches[0m
Relu task 2
Relu #91 on 10816 points, truncate=1 by 12 bits
Mill dotrunc 1 on 16 bits using b = 4
Mill dotrunc 1 on 16 bits using b = 4
Mill dotrunc 1 on 16 bits using b = 4
Mill dotrunc 1 on 16 bits using b = 4
Relu point 1 task 2
Relu point 1.5 task 2
Started all threads, task 2
Relu point 2 task 2
Relu point 3 task 2
Conv2DWrapper, task number: 2
Conv2DWrapper, point 1, task number: 2
HomConv #47 called N=1, H=13, W=13, CI=64, FH=1, FW=1, CO=256, S=1, Padding VALID (0 0 0 0)
expect 41745415 but got 41745416
expect 8196364701 but got 8196364702
[32mConvolution Output Matches[0m
Relu task 2
Relu #93 on 43264 points, truncate=1 by 12 bits
Mill dotrunc 1 on 16 bits using b = 4
Mill dotrunc 1 on 16 bits using b = 4
Mill dotrunc 1 on 16 bits using b = 4
Mill dotrunc 1 on 16 bits using b = 4
Relu point 1 task 2
Relu point 1.5 task 2
Started all threads, task 2
Relu point 2 task 2
Relu point 3 task 2
Conv2DWrapper, task number: 2
Conv2DWrapper, point 1, task number: 2
HomConv #48 called N=1, H=13, W=13, CI=64, FH=3, FW=3, CO=256, S=1, Padding SAME (1 1 1 1)
expect -61752573328 but got -61752573327
expect 4030548898 but got 4030548899
[32mConvolution Output Matches[0m
Relu task 2
Relu #95 on 43264 points, truncate=1 by 12 bits
Mill dotrunc 1 on 16 bits using b = 4
Mill dotrunc 1 on 16 bits using b = 4
Mill dotrunc 1 on 16 bits using b = 4
Mill dotrunc 1 on 16 bits using b = 4
Relu point 1 task 2
Relu point 1.5 task 2
Started all threads, task 2
Relu point 2 task 2
Relu point 3 task 2
Conv2DWrapper, task number: 2
Conv2DWrapper, point 1, task number: 2
HomConv #49 called N=1, H=13, W=13, CI=512, FH=1, FW=1, CO=64, S=1, Padding VALID (0 0 0 0)
expect -45670154917 but got -45670154916
expect 5952025838 but got 5952025839
[32mConvolution Output Matches[0m
Relu task 2
Relu #97 on 10816 points, truncate=1 by 12 bits
Mill dotrunc 1 on 16 bits using b = 4
Mill dotrunc 1 on 16 bits using b = 4
Mill dotrunc 1 on 16 bits using b = 4
Mill dotrunc 1 on 16 bits using b = 4
Relu point 1 task 2
Relu point 1.5 task 2
Started all threads, task 2
Relu point 2 task 2
Relu point 3 task 2
Conv2DWrapper, task number: 2
Conv2DWrapper, point 1, task number: 2
HomConv #50 called N=1, H=13, W=13, CI=64, FH=1, FW=1, CO=256, S=1, Padding VALID (0 0 0 0)
expect -21868305284 but got -21868305283
expect -11047394780 but got -11047394779
[32mConvolution Output Matches[0m
Relu task 2
Relu #99 on 43264 points, truncate=1 by 12 bits
Mill dotrunc 1 on 16 bits using b = 4
Mill dotrunc 1 on 16 bits using b = 4
Mill dotrunc 1 on 16 bits using b = 4
Mill dotrunc 1 on 16 bits using b = 4
Relu point 1 task 2
Relu point 1.5 task 2
Started all threads, task 2
Relu point 2 task 2
Relu point 3 task 2
Conv2DWrapper, task number: 2
Conv2DWrapper, point 1, task number: 2
HomConv #51 called N=1, H=13, W=13, CI=64, FH=3, FW=3, CO=256, S=1, Padding SAME (1 1 1 1)
expect 60841757449 but got 60841757450
expect 14308250904 but got 14308250905
expect -53660859156 but got -53660859157
[32mConvolution Output Matches[0m
Relu task 2
Relu #101 on 43264 points, truncate=1 by 12 bits
Mill dotrunc 1 on 16 bits using b = 4
Mill dotrunc 1 on 16 bits using b = 4
Mill dotrunc 1 on 16 bits using b = 4
Mill dotrunc 1 on 16 bits using b = 4
Relu point 1 task 2
Relu point 1.5 task 2
Started all threads, task 2
Relu point 2 task 2
Relu point 3 task 2
Layer 21, task 2
Conv2DWrapper, task number: 2
Conv2DWrapper, point 1, task number: 2
HomConv #52 called N=1, H=13, W=13, CI=512, FH=1, FW=1, CO=1000, S=1, Padding VALID (0 0 0 0)
expect -65674957387 but got -65674957386
expect 11616293472 but got 11616293473
expect 45679003868 but got 45679003867
[32mConvolution Output Matches[0m
Relu task 2
Relu #103 on 169000 points, truncate=1 by 12 bits
Mill dotrunc 1 on 16 bits using b = 4
Mill dotrunc 1 on 16 bits using b = 4
Mill dotrunc 1 on 16 bits using b = 4
Mill dotrunc 1 on 16 bits using b = 4
Relu point 1 task 2
Relu point 1.5 task 2
Started all threads, task 2
Relu point 2 task 2
Relu point 3 task 2
Layer 22, task 2
AvgPool 2 called N=1, H=1, W=1, C=1000, ksizeH=13, ksizeW=13
ArgMax 2 called, s1=1, s2=1000
Thread i = 4, total data sent till now = 48300313
Thread i = 5, total data sent till now = 46158242
Thread i = 6, total data sent till now = 15339225
Thread i = 7, total data sent till now = 46160049
------------------------------------------------------
------------------------------------------------------
------------------------------------------------------
Total time taken = 11541 milliseconds.
Total data sent = 141.889 MiB.
Number of rounds = 802
Total comm (sent+received) = (see SERVER OUTPUT)
------------------------------------------------------
top-10 values from SqueezeNet
[1800.8969727,1728.1640625,1701.2475586,1697.7895508,1692.2966309,1662.5146484,1650.8903809,1640.8786621,1619.6306152,1617.5954590,]
predicted label = 652
Finished!!!
